2020-05-28 01:02:44: [0mGET /admin/class [36m302 [0m15.545 ms - 56[0m
2020-05-28 01:02:44: [0mGET /login [36m304 [0m20.098 ms - -[0m
2020-05-28 01:02:44: [0mGET /plugins/fontawesome/css/font-awesome.min.css [36m304 [0m8.305 ms - -[0m
2020-05-28 01:02:44: [0mGET /plugins/adminlte/adminlte.min.css [36m304 [0m7.426 ms - -[0m
2020-05-28 01:02:44: [0mGET /plugins/jquery/jquery.min.js [36m304 [0m8.281 ms - -[0m
2020-05-28 01:02:44: [0mGET /plugins/bootstrap/js/bootstrap.bundle.min.js [36m304 [0m7.856 ms - -[0m
2020-05-28 01:02:44: [0mGET /plugins/adminlte/adminlte.min.js [36m304 [0m3.765 ms - -[0m
2020-05-28 01:02:44: [0mGET /plugins/layer-v3.1.1/layer/layer.js [36m304 [0m3.295 ms - -[0m
2020-05-28 01:02:44: [0mGET /plugins/fontawesome/fonts/fontawesome-webfont.woff2?v=4.7.0 [36m304 [0m1.266 ms - -[0m
2020-05-28 01:02:44: [0mGET /plugins/layer-v3.1.1/layer/theme/default/layer.css?v=3.1.1 [36m304 [0m3.040 ms - -[0m
2020-05-28 01:02:44: sql= select * from sub 
2020-05-28 01:02:44: [0mGET /Logo.png [32m200 [0m5.002 ms - 10380[0m
2020-05-28 01:02:44: [0mGET /api/subject [36m304 [0m128.707 ms - -[0m
2020-05-28 13:19:38: [0mGET /register [32m200 [0m74.382 ms - 7148[0m
2020-05-28 13:19:38: [0mGET /plugins/adminlte/select2.css [36m304 [0m29.822 ms - -[0m
2020-05-28 13:19:38: [0mGET /plugins/fontawesome/css/font-awesome.min.css [36m304 [0m2.470 ms - -[0m
2020-05-28 13:19:38: [0mGET /plugins/adminlte/adminlte.min.css [36m304 [0m1.598 ms - -[0m
2020-05-28 13:19:38: [0mGET /plugins/jquery/jquery.min.js [36m304 [0m3.108 ms - -[0m
2020-05-28 13:19:38: [0mGET /plugins/bootstrap/js/bootstrap.bundle.min.js [36m304 [0m1.398 ms - -[0m
2020-05-28 13:19:38: [0mGET /plugins/fontawesome/fonts/fontawesome-webfont.eot? [36m304 [0m1.895 ms - -[0m
2020-05-28 13:19:38: [0mGET /plugins/adminlte/adminlte.min.js [36m304 [0m1.265 ms - -[0m
2020-05-28 13:19:38: [0mGET /plugins/layer-v3.1.1/layer/layer.js [36m304 [0m2.140 ms - -[0m
2020-05-28 13:19:38: [0mGET /plugins/layer-v3.1.1/layer/theme/default/layer.css?v=3.1.1 [36m304 [0m22.502 ms - -[0m
2020-05-28 13:19:38: [0mGET /plugins/bootstrap/js/bootstrap.bundle.min.js.map [36m304 [0m2.921 ms - -[0m
2020-05-28 13:19:38: [0mGET /plugins/adminlte/adminlte.min.js.map [33m404 [0m16.676 ms - 7[0m
2020-05-28 13:19:38: sql= select * from sub 
2020-05-28 13:19:38: [0mGET /plugins/adminlte/select2.js [36m304 [0m1.755 ms - -[0m
2020-05-28 13:19:38: [0mGET /api/subject [36m304 [0m235.670 ms - -[0m
2020-05-28 13:20:48: [0mGET /admin/list [36m302 [0m16.160 ms - 56[0m
2020-05-28 13:20:48: [0mGET /login [36m304 [0m25.380 ms - -[0m
2020-05-28 13:20:48: [0mGET /plugins/fontawesome/css/font-awesome.min.css [36m304 [0m10.024 ms - -[0m
2020-05-28 13:20:48: [0mGET /plugins/adminlte/adminlte.min.css [36m304 [0m9.555 ms - -[0m
2020-05-28 13:20:48: [0mGET /plugins/jquery/jquery.min.js [36m304 [0m11.880 ms - -[0m
2020-05-28 13:20:48: [0mGET /plugins/bootstrap/js/bootstrap.bundle.min.js [36m304 [0m6.529 ms - -[0m
2020-05-28 13:20:48: [0mGET /plugins/adminlte/adminlte.min.js [36m304 [0m3.491 ms - -[0m
2020-05-28 13:20:48: [0mGET /plugins/layer-v3.1.1/layer/layer.js [36m304 [0m3.740 ms - -[0m
2020-05-28 13:20:49: [0mGET /plugins/fontawesome/fonts/fontawesome-webfont.woff2?v=4.7.0 [36m304 [0m2.477 ms - -[0m
2020-05-28 13:20:49: [0mGET /plugins/layer-v3.1.1/layer/theme/default/layer.css?v=3.1.1 [36m304 [0m2.314 ms - -[0m
2020-05-28 13:20:49: sql= select * from sub 
2020-05-28 13:20:49: [0mGET /api/subject [36m304 [0m8.999 ms - -[0m
2020-05-28 13:21:00: sql= SELECT id,name,uname,level from user where uname ='laobiao' and pwd = 'laobiao' and level>0
2020-05-28 13:21:00: [0mPOST /api/logincheck [32m200 [0m953.007 ms - 57[0m
2020-05-28 13:21:00: [0mGET /admin/list [32m200 [0m38.745 ms - 11929[0m
2020-05-28 13:21:00: [0mGET /plugins/adminlte/select2.css [36m304 [0m6.289 ms - -[0m
2020-05-28 13:21:00: [0mGET /plugins/fontawesome/css/font-awesome.min.css [36m304 [0m7.902 ms - -[0m
2020-05-28 13:21:00: [0mGET /plugins/adminlte/adminlte.min.css [36m304 [0m6.403 ms - -[0m
2020-05-28 13:21:00: [0mGET /plugins/jquery/jquery.min.js [36m304 [0m2.728 ms - -[0m
2020-05-28 13:21:00: [0mGET /user2-160x160.jpg [36m304 [0m2.729 ms - -[0m
2020-05-28 13:21:00: [0mGET /plugins/bootstrap/js/bootstrap.bundle.min.js [36m304 [0m3.950 ms - -[0m
2020-05-28 13:21:00: [0mGET /plugins/adminlte/adminlte.min.js [36m304 [0m4.499 ms - -[0m
2020-05-28 13:21:00: [0mGET /plugins/layer-v3.1.1/layer/layer.js [36m304 [0m2.712 ms - -[0m
2020-05-28 13:21:00: [0mGET /plugins/adminlte/select2.js [36m304 [0m2.314 ms - -[0m
2020-05-28 13:21:00: [0mGET /javascripts/common.js [36m304 [0m1.982 ms - -[0m
2020-05-28 13:21:00: [0mGET /plugins/fontawesome/fonts/fontawesome-webfont.woff2?v=4.7.0 [36m304 [0m1.101 ms - -[0m
2020-05-28 13:21:00: [0mGET /plugins/layer-v3.1.1/layer/theme/default/layer.css?v=3.1.1 [36m304 [0m1.071 ms - -[0m
2020-05-28 13:21:00: sql= select * from sub 
2020-05-28 13:21:00: [0mGET /api/subject [36m304 [0m2.287 ms - -[0m
2020-05-28 13:21:00: sql= select * from cls 
2020-05-28 13:21:00: [0mGET /api/cls [36m304 [0m7.115 ms - -[0m
2020-05-28 13:21:03: [0mGET /admin/class [32m200 [0m5.568 ms - 19096[0m
2020-05-28 13:21:03: [0mGET /plugins/adminlte/select2.css [36m304 [0m6.591 ms - -[0m
2020-05-28 13:21:03: [0mGET /plugins/fontawesome/css/font-awesome.min.css [36m304 [0m4.683 ms - -[0m
2020-05-28 13:21:03: [0mGET /plugins/adminlte/adminlte.min.css [36m304 [0m4.899 ms - -[0m
2020-05-28 13:21:03: [0mGET /user2-160x160.jpg [36m304 [0m4.090 ms - -[0m
2020-05-28 13:21:03: [0mGET /plugins/jquery/jquery.min.js [36m304 [0m3.890 ms - -[0m
2020-05-28 13:21:03: [0mGET /plugins/bootstrap/js/bootstrap.bundle.min.js [36m304 [0m4.191 ms - -[0m
2020-05-28 13:21:03: [0mGET /plugins/adminlte/adminlte.min.js [36m304 [0m3.450 ms - -[0m
2020-05-28 13:21:03: [0mGET /plugins/layer-v3.1.1/layer/layer.js [36m304 [0m1.785 ms - -[0m
2020-05-28 13:21:03: [0mGET /plugins/adminlte/select2.js [36m304 [0m2.131 ms - -[0m
2020-05-28 13:21:03: [0mGET /javascripts/common.js [36m304 [0m1.525 ms - -[0m
2020-05-28 13:21:03: [0mGET /plugins/layer-v3.1.1/layer/theme/default/layer.css?v=3.1.1 [36m304 [0m2.363 ms - -[0m
2020-05-28 13:21:03: sql= select * from sub 
2020-05-28 13:21:03: [0mGET /api/subject [36m304 [0m2.624 ms - -[0m
2020-05-28 13:21:03: sql= select * from cls 
2020-05-28 13:21:03: [0mGET /api/cls [36m304 [0m2.053 ms - -[0m
2020-05-28 13:21:03: { cid: '1', subid: '1', month: '5' }
2020-05-28 13:21:03: sql= select user.id as uid,name,status,wid,tempwork.title,tempwork.file,DATE_FORMAT( tempwork.retime, '%Y-%m-%d %H:%i:%S') as retime from uwork,user,(select id,title,file,retime from work where clsid=1 and subid=1 and date_format(retime,"%m")=5) as tempwork where  tempwork.id=wid and user.id=uwork.uid
2020-05-28 13:21:03: 12
2020-05-28 13:21:03: [ { wid: 1, title: '测试作业', retime: '2020-05-27 23:53:41', file: '' } ]
2020-05-28 13:21:03: [0mGET /admin/api/getWorksList?cid=1&subid=1&month=5 [36m304 [0m58.651 ms - -[0m
2020-05-28 13:21:05: [0mGET /admin/task [32m200 [0m9.081 ms - 12226[0m
2020-05-28 13:21:05: [0mGET /plugins/adminlte/select2.css [36m304 [0m4.454 ms - -[0m
2020-05-28 13:21:05: [0mGET /plugins/summernote/summernote-bs4.css [36m304 [0m4.606 ms - -[0m
2020-05-28 13:21:05: [0mGET /plugins/fontawesome/css/font-awesome.min.css [36m304 [0m7.465 ms - -[0m
2020-05-28 13:21:05: [0mGET /plugins/adminlte/adminlte.min.css [36m304 [0m3.638 ms - -[0m
2020-05-28 13:21:05: [0mGET /user2-160x160.jpg [36m304 [0m3.302 ms - -[0m
2020-05-28 13:21:05: [0mGET /plugins/jquery/jquery.min.js [36m304 [0m2.660 ms - -[0m
2020-05-28 13:21:05: [0mGET /plugins/bootstrap/js/bootstrap.bundle.min.js [36m304 [0m3.069 ms - -[0m
2020-05-28 13:21:05: [0mGET /plugins/adminlte/adminlte.min.js [36m304 [0m5.359 ms - -[0m
2020-05-28 13:21:05: [0mGET /plugins/layer-v3.1.1/layer/layer.js [36m304 [0m5.000 ms - -[0m
2020-05-28 13:21:05: [0mGET /plugins/adminlte/select2.js [36m304 [0m4.708 ms - -[0m
2020-05-28 13:21:05: [0mGET /plugins/summernote/summernote-bs4.min.js [36m304 [0m4.430 ms - -[0m
2020-05-28 13:21:05: [0mGET /javascripts/common.js [36m304 [0m4.565 ms - -[0m
2020-05-28 13:21:05: [0mGET /plugins/layer-v3.1.1/layer/theme/default/layer.css?v=3.1.1 [36m304 [0m1.510 ms - -[0m
2020-05-28 13:21:05: sql= select * from sub 
2020-05-28 13:21:05: [0mGET /api/subject [36m304 [0m2.650 ms - -[0m
2020-05-28 13:21:05: sql= select * from cls 
2020-05-28 13:21:05: [0mGET /api/cls [36m304 [0m3.212 ms - -[0m
2020-05-28 13:21:05: [0mGET /plugins/summernote/font/summernote.woff2 [36m304 [0m1.085 ms - -[0m
2020-05-28 13:21:07: [0mGET /admin/user [32m200 [0m5.127 ms - 13785[0m
2020-05-28 13:21:07: [0mGET /plugins/adminlte/select2.css [36m304 [0m5.126 ms - -[0m
2020-05-28 13:21:07: [0mGET /plugins/fontawesome/css/font-awesome.min.css [36m304 [0m4.793 ms - -[0m
2020-05-28 13:21:07: [0mGET /plugins/adminlte/adminlte.min.css [36m304 [0m6.187 ms - -[0m
2020-05-28 13:21:07: [0mGET /user2-160x160.jpg [36m304 [0m5.089 ms - -[0m
2020-05-28 13:21:07: [0mGET /plugins/jquery/jquery.min.js [36m304 [0m4.659 ms - -[0m
2020-05-28 13:21:07: [0mGET /plugins/bootstrap/js/bootstrap.bundle.min.js [36m304 [0m3.704 ms - -[0m
2020-05-28 13:21:07: [0mGET /plugins/adminlte/adminlte.min.js [36m304 [0m3.879 ms - -[0m
2020-05-28 13:21:07: [0mGET /plugins/layer-v3.1.1/layer/layer.js [36m304 [0m1.989 ms - -[0m
2020-05-28 13:21:07: [0mGET /plugins/adminlte/select2.js [36m304 [0m2.016 ms - -[0m
2020-05-28 13:21:07: [0mGET /javascripts/common.js [36m304 [0m2.081 ms - -[0m
2020-05-28 13:21:07: [0mGET /plugins/layer-v3.1.1/layer/theme/default/layer.css?v=3.1.1 [36m304 [0m1.234 ms - -[0m
2020-05-28 13:21:07: sql= select * from sub 
2020-05-28 13:21:07: [0mGET /api/subject [36m304 [0m1.987 ms - -[0m
2020-05-28 13:21:07: sql= select * from cls 
2020-05-28 13:21:07: [0mGET /api/cls [36m304 [0m2.036 ms - -[0m
2020-05-28 13:21:07: { cid: '1' }
2020-05-28 13:21:07: sql= SELECT user.id as uid,uname,name,level,class_name from user,cls where cid=1 and cls.id=1
2020-05-28 13:21:07: [ RowDataPacket {
2020-05-28 13:21:07:     uid: 383,
2020-05-28 13:21:07:     uname: 'test',
2020-05-28 13:21:07:     name: '测试用户',
2020-05-28 13:21:07:     level: 1,
2020-05-28 13:21:07:     class_name: '19移动APP二班' },
2020-05-28 13:21:07:   RowDataPacket {
2020-05-28 13:21:07:     uid: 384,
2020-05-28 13:21:07:     uname: '————ABC————',
2020-05-28 13:21:07:     name: '张福鑫',
2020-05-28 13:21:07:     level: 1,
2020-05-28 13:21:07:     class_name: '19移动APP二班' },
2020-05-28 13:21:07:   RowDataPacket {
2020-05-28 13:21:07:     uid: 390,
2020-05-28 13:21:07:     uname: '馒头~',
2020-05-28 13:21:07:     name: '杨帅',
2020-05-28 13:21:07:     level: 1,
2020-05-28 13:21:07:     class_name: '19移动APP二班' },
2020-05-28 13:21:07:   RowDataPacket {
2020-05-28 13:21:07:     uid: 393,
2020-05-28 13:21:07:     uname: '离殇樱雪',
2020-05-28 13:21:07:     name: '刘佳林',
2020-05-28 13:21:07:     level: 1,
2020-05-28 13:21:07:     class_name: '19移动APP二班' },
2020-05-28 13:21:07:   RowDataPacket {
2020-05-28 13:21:07:     uid: 396,
2020-05-28 13:21:07:     uname: 'zhouyu',
2020-05-28 13:21:07:     name: '周瑜',
2020-05-28 13:21:07:     level: 1,
2020-05-28 13:21:07:     class_name: '19移动APP二班' },
2020-05-28 13:21:07:   RowDataPacket {
2020-05-28 13:21:07:     uid: 408,
2020-05-28 13:21:07:     uname: 'mxl',
2020-05-28 13:21:07:     name: '牟希梁',
2020-05-28 13:21:07:     level: 1,
2020-05-28 13:21:07:     class_name: '19移动APP二班' },
2020-05-28 13:21:07:   RowDataPacket {
2020-05-28 13:21:07:     uid: 409,
2020-05-28 13:21:07:     uname: '猪猪侠',
2020-05-28 13:21:07:     name: '刘宁',
2020-05-28 13:21:07:     level: 1,
2020-05-28 13:21:07:     class_name: '19移动APP二班' },
2020-05-28 13:21:07:   RowDataPacket {
2020-05-28 13:21:07:     uid: 411,
2020-05-28 13:21:07:     uname: '.',
2020-05-28 13:21:07:     name: '潘文文',
2020-05-28 13:21:07:     level: 1,
2020-05-28 13:21:07:     class_name: '19移动APP二班' },
2020-05-28 13:21:07:   RowDataPacket {
2020-05-28 13:21:07:     uid: 412,
2020-05-28 13:21:07:     uname: '缘~妙不可言~',
2020-05-28 13:21:07:     name: '高志杰',
2020-05-28 13:21:07:     level: 1,
2020-05-28 13:21:07:     class_name: '19移动APP二班' },
2020-05-28 13:21:07:   RowDataPacket {
2020-05-28 13:21:07:     uid: 413,
2020-05-28 13:21:07:     uname: '东邪',
2020-05-28 13:21:07:     name: '范耀忠',
2020-05-28 13:21:07:     level: 1,
2020-05-28 13:21:07:     class_name: '19移动APP二班' },
2020-05-28 13:21:07:   RowDataPacket {
2020-05-28 13:21:07:     uid: 416,
2020-05-28 13:21:07:     uname: 'wyj',
2020-05-28 13:21:07:     name: '王语佳',
2020-05-28 13:21:07:     level: 1,
2020-05-28 13:21:07:     class_name: '19移动APP二班' },
2020-05-28 13:21:07:   RowDataPacket {
2020-05-28 13:21:07:     uid: 419,
2020-05-28 13:21:07:     uname: '岚',
2020-05-28 13:21:07:     name: '高健',
2020-05-28 13:21:07:     level: 1,
2020-05-28 13:21:07:     class_name: '19移动APP二班' } ]
2020-05-28 13:21:07: [0mGET /admin/user/list?cid=1 [36m304 [0m4.112 ms - -[0m
2020-05-28 13:21:10: [0mGET /admin/class [36m304 [0m4.887 ms - -[0m
2020-05-28 13:21:10: [0mGET /plugins/adminlte/select2.css [36m304 [0m3.398 ms - -[0m
2020-05-28 13:21:10: [0mGET /plugins/fontawesome/css/font-awesome.min.css [36m304 [0m3.097 ms - -[0m
2020-05-28 13:21:10: [0mGET /plugins/adminlte/adminlte.min.css [36m304 [0m3.093 ms - -[0m
2020-05-28 13:21:10: [0mGET /user2-160x160.jpg [36m304 [0m3.035 ms - -[0m
2020-05-28 13:21:10: [0mGET /plugins/jquery/jquery.min.js [36m304 [0m2.790 ms - -[0m
2020-05-28 13:21:10: [0mGET /plugins/bootstrap/js/bootstrap.bundle.min.js [36m304 [0m2.926 ms - -[0m
2020-05-28 13:21:10: [0mGET /plugins/adminlte/adminlte.min.js [36m304 [0m3.192 ms - -[0m
2020-05-28 13:21:10: [0mGET /plugins/layer-v3.1.1/layer/layer.js [36m304 [0m3.420 ms - -[0m
2020-05-28 13:21:10: [0mGET /plugins/adminlte/select2.js [36m304 [0m3.551 ms - -[0m
2020-05-28 13:21:10: [0mGET /javascripts/common.js [36m304 [0m3.995 ms - -[0m
2020-05-28 13:21:10: [0mGET /plugins/layer-v3.1.1/layer/theme/default/layer.css?v=3.1.1 [36m304 [0m2.174 ms - -[0m
2020-05-28 13:21:10: sql= select * from sub 
2020-05-28 13:21:10: [0mGET /api/subject [36m304 [0m2.221 ms - -[0m
2020-05-28 13:21:10: sql= select * from cls 
2020-05-28 13:21:10: [0mGET /api/cls [36m304 [0m3.350 ms - -[0m
2020-05-28 13:21:10: { cid: '1', subid: '1', month: '5' }
2020-05-28 13:21:10: sql= select user.id as uid,name,status,wid,tempwork.title,tempwork.file,DATE_FORMAT( tempwork.retime, '%Y-%m-%d %H:%i:%S') as retime from uwork,user,(select id,title,file,retime from work where clsid=1 and subid=1 and date_format(retime,"%m")=5) as tempwork where  tempwork.id=wid and user.id=uwork.uid
2020-05-28 13:21:10: 12
2020-05-28 13:21:10: [ { wid: 1, title: '测试作业', retime: '2020-05-27 23:53:41', file: '' } ]
2020-05-28 13:21:10: [0mGET /admin/api/getWorksList?cid=1&subid=1&month=5 [36m304 [0m4.501 ms - -[0m
2020-05-28 13:21:29: [0mGET /admin/class [36m304 [0m3.910 ms - -[0m
2020-05-28 13:21:29: [0mGET /plugins/adminlte/select2.css [36m304 [0m4.880 ms - -[0m
2020-05-28 13:21:29: [0mGET /plugins/fontawesome/css/font-awesome.min.css [36m304 [0m4.336 ms - -[0m
2020-05-28 13:21:29: [0mGET /plugins/adminlte/adminlte.min.css [36m304 [0m4.290 ms - -[0m
2020-05-28 13:21:29: [0mGET /plugins/jquery/jquery.min.js [36m304 [0m6.495 ms - -[0m
2020-05-28 13:21:29: [0mGET /user2-160x160.jpg [36m304 [0m6.104 ms - -[0m
2020-05-28 13:21:29: [0mGET /plugins/bootstrap/js/bootstrap.bundle.min.js [36m304 [0m5.535 ms - -[0m
2020-05-28 13:21:29: [0mGET /plugins/adminlte/adminlte.min.js [36m304 [0m3.174 ms - -[0m
2020-05-28 13:21:29: [0mGET /plugins/layer-v3.1.1/layer/layer.js [36m304 [0m3.144 ms - -[0m
2020-05-28 13:21:29: [0mGET /plugins/adminlte/select2.js [36m304 [0m3.702 ms - -[0m
2020-05-28 13:21:29: [0mGET /javascripts/common.js [36m304 [0m1.147 ms - -[0m
2020-05-28 13:21:29: [0mGET /plugins/layer-v3.1.1/layer/theme/default/layer.css?v=3.1.1 [36m304 [0m2.180 ms - -[0m
2020-05-28 13:21:29: sql= select * from sub 
2020-05-28 13:21:29: [0mGET /api/subject [36m304 [0m3.068 ms - -[0m
2020-05-28 13:21:29: sql= select * from cls 
2020-05-28 13:21:29: [0mGET /api/cls [36m304 [0m2.275 ms - -[0m
2020-05-28 13:21:29: { cid: '1', subid: '1', month: '5' }
2020-05-28 13:21:29: sql= select user.id as uid,name,status,wid,tempwork.title,tempwork.file,DATE_FORMAT( tempwork.retime, '%Y-%m-%d %H:%i:%S') as retime from uwork,user,(select id,title,file,retime from work where clsid=1 and subid=1 and date_format(retime,"%m")=5) as tempwork where  tempwork.id=wid and user.id=uwork.uid
2020-05-28 13:21:29: 12
2020-05-28 13:21:29: [ { wid: 1, title: '测试作业', retime: '2020-05-27 23:53:41', file: '' } ]
2020-05-28 13:21:29: [0mGET /admin/api/getWorksList?cid=1&subid=1&month=5 [36m304 [0m6.256 ms - -[0m
2020-05-28 13:21:30: [0mGET /admin/user [36m304 [0m4.182 ms - -[0m
2020-05-28 13:21:30: [0mGET /plugins/adminlte/select2.css [36m304 [0m3.056 ms - -[0m
2020-05-28 13:21:30: [0mGET /plugins/fontawesome/css/font-awesome.min.css [36m304 [0m2.729 ms - -[0m
2020-05-28 13:21:30: [0mGET /plugins/adminlte/adminlte.min.css [36m304 [0m3.301 ms - -[0m
2020-05-28 13:21:30: [0mGET /user2-160x160.jpg [36m304 [0m3.049 ms - -[0m
2020-05-28 13:21:30: [0mGET /plugins/jquery/jquery.min.js [36m304 [0m2.779 ms - -[0m
2020-05-28 13:21:30: [0mGET /plugins/bootstrap/js/bootstrap.bundle.min.js [36m304 [0m3.049 ms - -[0m
2020-05-28 13:21:30: [0mGET /plugins/adminlte/adminlte.min.js [36m304 [0m2.844 ms - -[0m
2020-05-28 13:21:30: [0mGET /plugins/layer-v3.1.1/layer/layer.js [36m304 [0m2.635 ms - -[0m
2020-05-28 13:21:30: [0mGET /plugins/adminlte/select2.js [36m304 [0m3.031 ms - -[0m
2020-05-28 13:21:30: [0mGET /javascripts/common.js [36m304 [0m4.415 ms - -[0m
2020-05-28 13:21:30: [0mGET /plugins/layer-v3.1.1/layer/theme/default/layer.css?v=3.1.1 [36m304 [0m1.333 ms - -[0m
2020-05-28 13:21:30: sql= select * from sub 
2020-05-28 13:21:30: [0mGET /api/subject [36m304 [0m2.069 ms - -[0m
2020-05-28 13:21:30: sql= select * from cls 
2020-05-28 13:21:30: [0mGET /api/cls [36m304 [0m1.795 ms - -[0m
2020-05-28 13:21:30: { cid: '1' }
2020-05-28 13:21:30: sql= SELECT user.id as uid,uname,name,level,class_name from user,cls where cid=1 and cls.id=1
2020-05-28 13:21:30: [ RowDataPacket {
2020-05-28 13:21:30:     uid: 383,
2020-05-28 13:21:30:     uname: 'test',
2020-05-28 13:21:30:     name: '测试用户',
2020-05-28 13:21:30:     level: 1,
2020-05-28 13:21:30:     class_name: '19移动APP二班' },
2020-05-28 13:21:30:   RowDataPacket {
2020-05-28 13:21:30:     uid: 384,
2020-05-28 13:21:30:     uname: '————ABC————',
2020-05-28 13:21:30:     name: '张福鑫',
2020-05-28 13:21:30:     level: 1,
2020-05-28 13:21:30:     class_name: '19移动APP二班' },
2020-05-28 13:21:30:   RowDataPacket {
2020-05-28 13:21:30:     uid: 390,
2020-05-28 13:21:30:     uname: '馒头~',
2020-05-28 13:21:30:     name: '杨帅',
2020-05-28 13:21:30:     level: 1,
2020-05-28 13:21:30:     class_name: '19移动APP二班' },
2020-05-28 13:21:30:   RowDataPacket {
2020-05-28 13:21:30:     uid: 393,
2020-05-28 13:21:30:     uname: '离殇樱雪',
2020-05-28 13:21:30:     name: '刘佳林',
2020-05-28 13:21:30:     level: 1,
2020-05-28 13:21:30:     class_name: '19移动APP二班' },
2020-05-28 13:21:30:   RowDataPacket {
2020-05-28 13:21:30:     uid: 396,
2020-05-28 13:21:30:     uname: 'zhouyu',
2020-05-28 13:21:30:     name: '周瑜',
2020-05-28 13:21:30:     level: 1,
2020-05-28 13:21:30:     class_name: '19移动APP二班' },
2020-05-28 13:21:30:   RowDataPacket {
2020-05-28 13:21:30:     uid: 408,
2020-05-28 13:21:30:     uname: 'mxl',
2020-05-28 13:21:30:     name: '牟希梁',
2020-05-28 13:21:30:     level: 1,
2020-05-28 13:21:30:     class_name: '19移动APP二班' },
2020-05-28 13:21:30:   RowDataPacket {
2020-05-28 13:21:30:     uid: 409,
2020-05-28 13:21:30:     uname: '猪猪侠',
2020-05-28 13:21:30:     name: '刘宁',
2020-05-28 13:21:30:     level: 1,
2020-05-28 13:21:30:     class_name: '19移动APP二班' },
2020-05-28 13:21:30:   RowDataPacket {
2020-05-28 13:21:30:     uid: 411,
2020-05-28 13:21:30:     uname: '.',
2020-05-28 13:21:30:     name: '潘文文',
2020-05-28 13:21:30:     level: 1,
2020-05-28 13:21:30:     class_name: '19移动APP二班' },
2020-05-28 13:21:30:   RowDataPacket {
2020-05-28 13:21:30:     uid: 412,
2020-05-28 13:21:30:     uname: '缘~妙不可言~',
2020-05-28 13:21:30:     name: '高志杰',
2020-05-28 13:21:30:     level: 1,
2020-05-28 13:21:30:     class_name: '19移动APP二班' },
2020-05-28 13:21:30:   RowDataPacket {
2020-05-28 13:21:30:     uid: 413,
2020-05-28 13:21:30:     uname: '东邪',
2020-05-28 13:21:30:     name: '范耀忠',
2020-05-28 13:21:30:     level: 1,
2020-05-28 13:21:30:     class_name: '19移动APP二班' },
2020-05-28 13:21:30:   RowDataPacket {
2020-05-28 13:21:30:     uid: 416,
2020-05-28 13:21:30:     uname: 'wyj',
2020-05-28 13:21:30:     name: '王语佳',
2020-05-28 13:21:30:     level: 1,
2020-05-28 13:21:30:     class_name: '19移动APP二班' },
2020-05-28 13:21:30:   RowDataPacket {
2020-05-28 13:21:30:     uid: 419,
2020-05-28 13:21:30:     uname: '岚',
2020-05-28 13:21:30:     name: '高健',
2020-05-28 13:21:30:     level: 1,
2020-05-28 13:21:30:     class_name: '19移动APP二班' } ]
2020-05-28 13:21:30: [0mGET /admin/user/list?cid=1 [36m304 [0m2.207 ms - -[0m
2020-05-28 13:21:31: [0mGET /admin/task [36m304 [0m3.929 ms - -[0m
2020-05-28 13:21:31: [0mGET /plugins/adminlte/select2.css [36m304 [0m3.137 ms - -[0m
2020-05-28 13:21:31: [0mGET /plugins/summernote/summernote-bs4.css [36m304 [0m2.870 ms - -[0m
2020-05-28 13:21:31: [0mGET /plugins/fontawesome/css/font-awesome.min.css [36m304 [0m4.042 ms - -[0m
2020-05-28 13:21:31: [0mGET /plugins/adminlte/adminlte.min.css [36m304 [0m4.111 ms - -[0m
2020-05-28 13:21:31: [0mGET /user2-160x160.jpg [36m304 [0m4.214 ms - -[0m
2020-05-28 13:21:31: [0mGET /plugins/jquery/jquery.min.js [36m304 [0m4.159 ms - -[0m
2020-05-28 13:21:31: [0mGET /plugins/bootstrap/js/bootstrap.bundle.min.js [36m304 [0m3.055 ms - -[0m
2020-05-28 13:21:31: [0mGET /plugins/adminlte/adminlte.min.js [36m304 [0m4.879 ms - -[0m
2020-05-28 13:21:31: [0mGET /plugins/layer-v3.1.1/layer/layer.js [36m304 [0m4.402 ms - -[0m
2020-05-28 13:21:31: [0mGET /plugins/adminlte/select2.js [36m304 [0m4.094 ms - -[0m
2020-05-28 13:21:31: [0mGET /plugins/summernote/summernote-bs4.min.js [36m304 [0m3.839 ms - -[0m
2020-05-28 13:21:31: [0mGET /javascripts/common.js [36m304 [0m4.136 ms - -[0m
2020-05-28 13:21:31: [0mGET /plugins/layer-v3.1.1/layer/theme/default/layer.css?v=3.1.1 [36m304 [0m6.089 ms - -[0m
2020-05-28 13:21:31: sql= select * from sub 
2020-05-28 13:21:31: [0mGET /api/subject [36m304 [0m5.538 ms - -[0m
2020-05-28 13:21:31: sql= select * from cls 
2020-05-28 13:21:31: [0mGET /api/cls [36m304 [0m2.038 ms - -[0m
2020-05-28 13:21:31: [0mGET /plugins/summernote/font/summernote.woff2 [36m304 [0m1.174 ms - -[0m
2020-05-28 13:21:32: [0mGET /admin/class [36m304 [0m3.853 ms - -[0m
2020-05-28 13:21:32: [0mGET /plugins/adminlte/select2.css [36m304 [0m3.299 ms - -[0m
2020-05-28 13:21:32: [0mGET /plugins/fontawesome/css/font-awesome.min.css [36m304 [0m2.983 ms - -[0m
2020-05-28 13:21:32: [0mGET /plugins/adminlte/adminlte.min.css [36m304 [0m3.279 ms - -[0m
2020-05-28 13:21:32: [0mGET /user2-160x160.jpg [36m304 [0m3.050 ms - -[0m
2020-05-28 13:21:32: [0mGET /plugins/jquery/jquery.min.js [36m304 [0m3.188 ms - -[0m
2020-05-28 13:21:32: [0mGET /plugins/bootstrap/js/bootstrap.bundle.min.js [36m304 [0m3.538 ms - -[0m
2020-05-28 13:21:32: [0mGET /plugins/adminlte/adminlte.min.js [36m304 [0m2.482 ms - -[0m
2020-05-28 13:21:32: [0mGET /plugins/layer-v3.1.1/layer/layer.js [36m304 [0m2.165 ms - -[0m
2020-05-28 13:21:32: [0mGET /plugins/adminlte/select2.js [36m304 [0m1.942 ms - -[0m
2020-05-28 13:21:32: [0mGET /javascripts/common.js [36m304 [0m1.905 ms - -[0m
2020-05-28 13:21:32: [0mGET /plugins/layer-v3.1.1/layer/theme/default/layer.css?v=3.1.1 [36m304 [0m1.174 ms - -[0m
2020-05-28 13:21:32: sql= select * from sub 
2020-05-28 13:21:32: [0mGET /api/subject [36m304 [0m1.824 ms - -[0m
2020-05-28 13:21:32: sql= select * from cls 
2020-05-28 13:21:32: [0mGET /api/cls [36m304 [0m2.685 ms - -[0m
2020-05-28 13:21:32: { cid: '1', subid: '1', month: '5' }
2020-05-28 13:21:32: sql= select user.id as uid,name,status,wid,tempwork.title,tempwork.file,DATE_FORMAT( tempwork.retime, '%Y-%m-%d %H:%i:%S') as retime from uwork,user,(select id,title,file,retime from work where clsid=1 and subid=1 and date_format(retime,"%m")=5) as tempwork where  tempwork.id=wid and user.id=uwork.uid
2020-05-28 13:21:32: 12
2020-05-28 13:21:32: [ { wid: 1, title: '测试作业', retime: '2020-05-27 23:53:41', file: '' } ]
2020-05-28 13:21:32: [0mGET /admin/api/getWorksList?cid=1&subid=1&month=5 [36m304 [0m7.556 ms - -[0m
2020-05-28 13:21:36: [0mGET /admin/class [36m304 [0m4.417 ms - -[0m
2020-05-28 13:21:36: [0mGET /plugins/adminlte/select2.css [36m304 [0m3.720 ms - -[0m
2020-05-28 13:21:36: [0mGET /plugins/fontawesome/css/font-awesome.min.css [36m304 [0m3.519 ms - -[0m
2020-05-28 13:21:36: [0mGET /plugins/adminlte/adminlte.min.css [36m304 [0m3.103 ms - -[0m
2020-05-28 13:21:36: [0mGET /user2-160x160.jpg [36m304 [0m2.904 ms - -[0m
2020-05-28 13:21:36: [0mGET /plugins/jquery/jquery.min.js [36m304 [0m2.862 ms - -[0m
2020-05-28 13:21:36: [0mGET /plugins/bootstrap/js/bootstrap.bundle.min.js [36m304 [0m3.362 ms - -[0m
2020-05-28 13:21:36: [0mGET /plugins/adminlte/adminlte.min.js [36m304 [0m1.999 ms - -[0m
2020-05-28 13:21:36: [0mGET /plugins/layer-v3.1.1/layer/layer.js [36m304 [0m1.792 ms - -[0m
2020-05-28 13:21:36: [0mGET /plugins/adminlte/select2.js [36m304 [0m1.859 ms - -[0m
2020-05-28 13:21:36: [0mGET /javascripts/common.js [36m304 [0m1.896 ms - -[0m
2020-05-28 13:21:36: [0mGET /plugins/layer-v3.1.1/layer/theme/default/layer.css?v=3.1.1 [36m304 [0m1.559 ms - -[0m
2020-05-28 13:21:36: sql= select * from sub 
2020-05-28 13:21:36: [0mGET /api/subject [36m304 [0m1.966 ms - -[0m
2020-05-28 13:21:36: sql= select * from cls 
2020-05-28 13:21:36: [0mGET /api/cls [36m304 [0m2.239 ms - -[0m
2020-05-28 13:21:36: { cid: '1', subid: '1', month: '5' }
2020-05-28 13:21:36: sql= select user.id as uid,name,status,wid,tempwork.title,tempwork.file,DATE_FORMAT( tempwork.retime, '%Y-%m-%d %H:%i:%S') as retime from uwork,user,(select id,title,file,retime from work where clsid=1 and subid=1 and date_format(retime,"%m")=5) as tempwork where  tempwork.id=wid and user.id=uwork.uid
2020-05-28 13:21:36: 12
2020-05-28 13:21:36: [ { wid: 1, title: '测试作业', retime: '2020-05-27 23:53:41', file: '' } ]
2020-05-28 13:21:36: [0mGET /admin/api/getWorksList?cid=1&subid=1&month=5 [36m304 [0m2.225 ms - -[0m
2020-05-28 13:24:51: [0mGET /admin/class [36m304 [0m3.686 ms - -[0m
2020-05-28 13:24:51: [0mGET /plugins/adminlte/select2.css [36m304 [0m2.743 ms - -[0m
2020-05-28 13:24:51: [0mGET /plugins/fontawesome/css/font-awesome.min.css [36m304 [0m2.200 ms - -[0m
2020-05-28 13:24:51: [0mGET /plugins/adminlte/adminlte.min.css [36m304 [0m1.940 ms - -[0m
2020-05-28 13:24:51: [0mGET /plugins/jquery/jquery.min.js [36m304 [0m2.581 ms - -[0m
2020-05-28 13:24:51: [0mGET /user2-160x160.jpg [36m304 [0m3.390 ms - -[0m
2020-05-28 13:24:51: [0mGET /plugins/bootstrap/js/bootstrap.bundle.min.js [36m304 [0m3.229 ms - -[0m
2020-05-28 13:24:51: [0mGET /plugins/adminlte/adminlte.min.js [36m304 [0m2.465 ms - -[0m
2020-05-28 13:24:51: [0mGET /plugins/layer-v3.1.1/layer/layer.js [36m304 [0m2.991 ms - -[0m
2020-05-28 13:24:51: [0mGET /plugins/adminlte/select2.js [36m304 [0m2.614 ms - -[0m
2020-05-28 13:24:51: [0mGET /javascripts/common.js [36m304 [0m2.065 ms - -[0m
2020-05-28 13:24:51: [0mGET /plugins/layer-v3.1.1/layer/theme/default/layer.css?v=3.1.1 [36m304 [0m3.615 ms - -[0m
2020-05-28 13:24:51: sql= select * from sub 
2020-05-28 13:24:51: [0mGET /api/subject [36m304 [0m4.934 ms - -[0m
2020-05-28 13:24:51: sql= select * from cls 
2020-05-28 13:24:51: [0mGET /api/cls [36m304 [0m2.214 ms - -[0m
2020-05-28 13:24:51: { cid: '1', subid: '1', month: '5' }
2020-05-28 13:24:51: sql= select user.id as uid,name,status,wid,tempwork.title,tempwork.file,DATE_FORMAT( tempwork.retime, '%Y-%m-%d %H:%i:%S') as retime from uwork,user,(select id,title,file,retime from work where clsid=1 and subid=1 and date_format(retime,"%m")=5) as tempwork where  tempwork.id=wid and user.id=uwork.uid
2020-05-28 13:24:51: 12
2020-05-28 13:24:51: [ { wid: 1, title: '测试作业', retime: '2020-05-27 23:53:41', file: '' } ]
2020-05-28 13:24:51: [0mGET /admin/api/getWorksList?cid=1&subid=1&month=5 [36m304 [0m2.137 ms - -[0m
2020-05-28 13:24:54: [0mGET /admin/class [36m304 [0m5.340 ms - -[0m
2020-05-28 13:24:54: [0mGET /plugins/adminlte/select2.css [36m304 [0m4.621 ms - -[0m
2020-05-28 13:24:54: [0mGET /plugins/fontawesome/css/font-awesome.min.css [36m304 [0m3.903 ms - -[0m
2020-05-28 13:24:54: [0mGET /plugins/adminlte/adminlte.min.css [36m304 [0m2.614 ms - -[0m
2020-05-28 13:24:54: [0mGET /user2-160x160.jpg [36m304 [0m3.196 ms - -[0m
2020-05-28 13:24:54: [0mGET /plugins/jquery/jquery.min.js [36m304 [0m3.132 ms - -[0m
2020-05-28 13:24:54: [0mGET /plugins/bootstrap/js/bootstrap.bundle.min.js [36m304 [0m2.623 ms - -[0m
2020-05-28 13:24:54: [0mGET /plugins/adminlte/adminlte.min.js [36m304 [0m2.290 ms - -[0m
2020-05-28 13:24:54: [0mGET /plugins/layer-v3.1.1/layer/layer.js [36m304 [0m2.118 ms - -[0m
2020-05-28 13:24:54: [0mGET /plugins/adminlte/select2.js [36m304 [0m2.115 ms - -[0m
2020-05-28 13:24:54: [0mGET /javascripts/common.js [36m304 [0m2.326 ms - -[0m
2020-05-28 13:24:54: [0mGET /plugins/layer-v3.1.1/layer/theme/default/layer.css?v=3.1.1 [36m304 [0m1.774 ms - -[0m
2020-05-28 13:24:54: sql= select * from sub 
2020-05-28 13:24:54: [0mGET /api/subject [36m304 [0m4.491 ms - -[0m
2020-05-28 13:24:54: sql= select * from cls 
2020-05-28 13:24:54: [0mGET /api/cls [36m304 [0m2.342 ms - -[0m
2020-05-28 13:24:54: { cid: '1', subid: '1', month: '5' }
2020-05-28 13:24:54: sql= select user.id as uid,name,status,wid,tempwork.title,tempwork.file,DATE_FORMAT( tempwork.retime, '%Y-%m-%d %H:%i:%S') as retime from uwork,user,(select id,title,file,retime from work where clsid=1 and subid=1 and date_format(retime,"%m")=5) as tempwork where  tempwork.id=wid and user.id=uwork.uid
2020-05-28 13:24:54: 12
2020-05-28 13:24:54: [ { wid: 1, title: '测试作业', retime: '2020-05-27 23:53:41', file: '' } ]
2020-05-28 13:24:54: [0mGET /admin/api/getWorksList?cid=1&subid=1&month=5 [36m304 [0m2.745 ms - -[0m
2020-05-28 13:24:55: [0mGET /admin/class [36m304 [0m3.584 ms - -[0m
2020-05-28 13:24:55: [0mGET /plugins/adminlte/select2.css [36m304 [0m5.714 ms - -[0m
2020-05-28 13:24:55: [0mGET /plugins/fontawesome/css/font-awesome.min.css [36m304 [0m5.233 ms - -[0m
2020-05-28 13:24:55: [0mGET /plugins/adminlte/adminlte.min.css [36m304 [0m6.123 ms - -[0m
2020-05-28 13:24:55: [0mGET /user2-160x160.jpg [36m304 [0m5.934 ms - -[0m
2020-05-28 13:24:55: [0mGET /plugins/jquery/jquery.min.js [36m304 [0m5.873 ms - -[0m
2020-05-28 13:24:55: [0mGET /plugins/bootstrap/js/bootstrap.bundle.min.js [36m304 [0m3.399 ms - -[0m
2020-05-28 13:24:55: [0mGET /plugins/adminlte/adminlte.min.js [36m304 [0m1.730 ms - -[0m
2020-05-28 13:24:55: [0mGET /plugins/layer-v3.1.1/layer/layer.js [36m304 [0m1.808 ms - -[0m
2020-05-28 13:24:55: [0mGET /plugins/adminlte/select2.js [36m304 [0m1.210 ms - -[0m
2020-05-28 13:24:55: [0mGET /javascripts/common.js [36m304 [0m1.187 ms - -[0m
2020-05-28 13:24:55: [0mGET /plugins/layer-v3.1.1/layer/theme/default/layer.css?v=3.1.1 [36m304 [0m1.208 ms - -[0m
2020-05-28 13:24:55: sql= select * from sub 
2020-05-28 13:24:55: [0mGET /api/subject [36m304 [0m1.934 ms - -[0m
2020-05-28 13:24:55: sql= select * from cls 
2020-05-28 13:24:55: [0mGET /api/cls [36m304 [0m2.259 ms - -[0m
2020-05-28 13:24:55: { cid: '1', subid: '1', month: '5' }
2020-05-28 13:24:55: sql= select user.id as uid,name,status,wid,tempwork.title,tempwork.file,DATE_FORMAT( tempwork.retime, '%Y-%m-%d %H:%i:%S') as retime from uwork,user,(select id,title,file,retime from work where clsid=1 and subid=1 and date_format(retime,"%m")=5) as tempwork where  tempwork.id=wid and user.id=uwork.uid
2020-05-28 13:24:55: 12
2020-05-28 13:24:55: [ { wid: 1, title: '测试作业', retime: '2020-05-27 23:53:41', file: '' } ]
2020-05-28 13:24:55: [0mGET /admin/api/getWorksList?cid=1&subid=1&month=5 [36m304 [0m2.244 ms - -[0m
2020-05-28 13:24:56: [0mGET /admin/class [36m304 [0m3.404 ms - -[0m
2020-05-28 13:24:56: [0mGET /plugins/adminlte/select2.css [36m304 [0m2.686 ms - -[0m
2020-05-28 13:24:56: [0mGET /plugins/fontawesome/css/font-awesome.min.css [36m304 [0m3.514 ms - -[0m
2020-05-28 13:24:56: [0mGET /plugins/adminlte/adminlte.min.css [36m304 [0m3.188 ms - -[0m
2020-05-28 13:24:56: [0mGET /user2-160x160.jpg [36m304 [0m5.246 ms - -[0m
2020-05-28 13:24:56: [0mGET /plugins/jquery/jquery.min.js [36m304 [0m4.820 ms - -[0m
2020-05-28 13:24:56: [0mGET /plugins/bootstrap/js/bootstrap.bundle.min.js [36m304 [0m4.095 ms - -[0m
2020-05-28 13:24:56: [0mGET /plugins/adminlte/adminlte.min.js [36m304 [0m3.784 ms - -[0m
2020-05-28 13:24:56: [0mGET /plugins/layer-v3.1.1/layer/layer.js [36m304 [0m2.836 ms - -[0m
2020-05-28 13:24:56: [0mGET /plugins/adminlte/select2.js [36m304 [0m2.398 ms - -[0m
2020-05-28 13:24:56: [0mGET /javascripts/common.js [36m304 [0m1.422 ms - -[0m
2020-05-28 13:24:56: [0mGET /plugins/layer-v3.1.1/layer/theme/default/layer.css?v=3.1.1 [36m304 [0m1.365 ms - -[0m
2020-05-28 13:24:56: sql= select * from sub 
2020-05-28 13:24:56: [0mGET /api/subject [36m304 [0m2.090 ms - -[0m
2020-05-28 13:24:56: sql= select * from cls 
2020-05-28 13:24:56: [0mGET /api/cls [36m304 [0m1.965 ms - -[0m
2020-05-28 13:24:56: { cid: '1', subid: '1', month: '5' }
2020-05-28 13:24:56: sql= select user.id as uid,name,status,wid,tempwork.title,tempwork.file,DATE_FORMAT( tempwork.retime, '%Y-%m-%d %H:%i:%S') as retime from uwork,user,(select id,title,file,retime from work where clsid=1 and subid=1 and date_format(retime,"%m")=5) as tempwork where  tempwork.id=wid and user.id=uwork.uid
2020-05-28 13:24:56: 12
2020-05-28 13:24:56: [ { wid: 1, title: '测试作业', retime: '2020-05-27 23:53:41', file: '' } ]
2020-05-28 13:24:56: [0mGET /admin/api/getWorksList?cid=1&subid=1&month=5 [36m304 [0m2.114 ms - -[0m
2020-05-28 13:30:58: [0mGET /admin/class [32m200 [0m21.584 ms - 19097[0m
2020-05-28 13:30:58: [0mGET /plugins/adminlte/select2.css [36m304 [0m5.476 ms - -[0m
2020-05-28 13:30:58: [0mGET /plugins/fontawesome/css/font-awesome.min.css [36m304 [0m4.776 ms - -[0m
2020-05-28 13:30:58: [0mGET /plugins/adminlte/adminlte.min.css [36m304 [0m7.656 ms - -[0m
2020-05-28 13:30:58: [0mGET /plugins/jquery/jquery.min.js [36m304 [0m5.226 ms - -[0m
2020-05-28 13:30:58: [0mGET /user2-160x160.jpg [36m304 [0m4.641 ms - -[0m
2020-05-28 13:30:58: [0mGET /plugins/bootstrap/js/bootstrap.bundle.min.js [36m304 [0m3.484 ms - -[0m
2020-05-28 13:30:58: [0mGET /plugins/adminlte/adminlte.min.js [36m304 [0m3.020 ms - -[0m
2020-05-28 13:30:58: [0mGET /plugins/layer-v3.1.1/layer/layer.js [36m304 [0m3.011 ms - -[0m
2020-05-28 13:30:58: [0mGET /plugins/adminlte/select2.js [36m304 [0m2.532 ms - -[0m
2020-05-28 13:30:58: [0mGET /javascripts/common.js [36m304 [0m2.007 ms - -[0m
2020-05-28 13:30:58: [0mGET /plugins/layer-v3.1.1/layer/theme/default/layer.css?v=3.1.1 [36m304 [0m1.689 ms - -[0m
2020-05-28 13:30:58: sql= select * from sub 
2020-05-28 13:30:58: [0mGET /api/subject [36m304 [0m9.464 ms - -[0m
2020-05-28 13:30:58: sql= select * from cls 
2020-05-28 13:30:58: [0mGET /api/cls [36m304 [0m5.102 ms - -[0m
2020-05-28 13:30:58: { cid: '1', subid: '1', month: '5' }
2020-05-28 13:30:58: sql= select user.id as uid,name,status,wid,tempwork.title,tempwork.file,DATE_FORMAT( tempwork.retime, '%Y-%m-%d %H:%i:%S') as retime from uwork,user,(select id,title,file,retime from work where clsid=1 and subid=1 and date_format(retime,"%m")=5) as tempwork where  tempwork.id=wid and user.id=uwork.uid
2020-05-28 13:30:58: 12
2020-05-28 13:30:58: [ { wid: 1, title: '测试作业', retime: '2020-05-27 23:53:41', file: '' } ]
2020-05-28 13:30:58: [0mGET /admin/api/getWorksList?cid=1&subid=1&month=5 [36m304 [0m11.417 ms - -[0m
2020-05-28 13:30:58: [0mGET /Logo.png [32m200 [0m6.319 ms - 10380[0m
2020-05-28 13:30:59: [0mGET /admin/course [32m200 [0m4.741 ms - 12143[0m
2020-05-28 13:30:59: [0mGET /plugins/adminlte/select2.css [36m304 [0m3.246 ms - -[0m
2020-05-28 13:30:59: [0mGET /plugins/fontawesome/css/font-awesome.min.css [36m304 [0m2.934 ms - -[0m
2020-05-28 13:30:59: [0mGET /plugins/adminlte/adminlte.min.css [36m304 [0m5.589 ms - -[0m
2020-05-28 13:30:59: [0mGET /user2-160x160.jpg [36m304 [0m5.296 ms - -[0m
2020-05-28 13:30:59: [0mGET /plugins/jquery/jquery.min.js [36m304 [0m4.766 ms - -[0m
2020-05-28 13:30:59: [0mGET /plugins/bootstrap/js/bootstrap.bundle.min.js [36m304 [0m4.598 ms - -[0m
2020-05-28 13:30:59: [0mGET /plugins/adminlte/adminlte.min.js [36m304 [0m3.939 ms - -[0m
2020-05-28 13:30:59: [0mGET /plugins/layer-v3.1.1/layer/layer.js [36m304 [0m4.253 ms - -[0m
2020-05-28 13:30:59: [0mGET /plugins/adminlte/select2.js [36m304 [0m2.683 ms - -[0m
2020-05-28 13:30:59: [0mGET /javascripts/common.js [36m304 [0m2.861 ms - -[0m
2020-05-28 13:30:59: [0mGET /plugins/layer-v3.1.1/layer/theme/default/layer.css?v=3.1.1 [36m304 [0m1.564 ms - -[0m
2020-05-28 13:30:59: sql= select * from sub 
2020-05-28 13:30:59: [0mGET /api/subject [36m304 [0m4.404 ms - -[0m
2020-05-28 13:30:59: sql= select * from cls 
2020-05-28 13:30:59: [0mGET /api/cls [36m304 [0m1.783 ms - -[0m
2020-05-28 13:32:42: [0mGET /admin/course [32m200 [0m25.201 ms - 11236[0m
2020-05-28 13:32:42: [0mGET /plugins/adminlte/select2.css [36m304 [0m4.382 ms - -[0m
2020-05-28 13:32:42: [0mGET /plugins/fontawesome/css/font-awesome.min.css [36m304 [0m3.499 ms - -[0m
2020-05-28 13:32:42: [0mGET /plugins/adminlte/adminlte.min.css [36m304 [0m4.885 ms - -[0m
2020-05-28 13:32:42: [0mGET /plugins/jquery/jquery.min.js [36m304 [0m4.781 ms - -[0m
2020-05-28 13:32:42: [0mGET /user2-160x160.jpg [36m304 [0m4.837 ms - -[0m
2020-05-28 13:32:42: [0mGET /plugins/bootstrap/js/bootstrap.bundle.min.js [36m304 [0m4.562 ms - -[0m
2020-05-28 13:32:42: [0mGET /plugins/adminlte/adminlte.min.js [36m304 [0m4.388 ms - -[0m
2020-05-28 13:32:42: [0mGET /plugins/layer-v3.1.1/layer/layer.js [36m304 [0m6.012 ms - -[0m
2020-05-28 13:32:42: [0mGET /plugins/adminlte/select2.js [36m304 [0m4.101 ms - -[0m
2020-05-28 13:32:42: [0mGET /javascripts/common.js [36m304 [0m2.803 ms - -[0m
2020-05-28 13:32:42: [0mGET /plugins/layer-v3.1.1/layer/theme/default/layer.css?v=3.1.1 [36m304 [0m15.827 ms - -[0m
2020-05-28 13:32:42: sql= select * from sub 
2020-05-28 13:32:42: sql= select * from cls 
2020-05-28 13:32:42: [0mGET /api/subject [36m304 [0m20.031 ms - -[0m
2020-05-28 13:32:42: [0mGET /api/cls [36m304 [0m16.797 ms - -[0m
2020-05-28 13:32:43: [0mGET /Logo.png [32m200 [0m3.123 ms - 10380[0m
2020-05-28 13:33:38: [0mGET /admin/course [32m200 [0m21.592 ms - 11228[0m
2020-05-28 13:33:38: [0mGET /plugins/adminlte/select2.css [36m304 [0m3.981 ms - -[0m
2020-05-28 13:33:38: [0mGET /plugins/fontawesome/css/font-awesome.min.css [36m304 [0m3.207 ms - -[0m
2020-05-28 13:33:38: [0mGET /plugins/adminlte/adminlte.min.css [36m304 [0m4.383 ms - -[0m
2020-05-28 13:33:38: [0mGET /user2-160x160.jpg [36m304 [0m2.883 ms - -[0m
2020-05-28 13:33:38: [0mGET /plugins/jquery/jquery.min.js [36m304 [0m2.708 ms - -[0m
2020-05-28 13:33:38: [0mGET /plugins/bootstrap/js/bootstrap.bundle.min.js [36m304 [0m2.956 ms - -[0m
2020-05-28 13:33:38: [0mGET /plugins/adminlte/adminlte.min.js [36m304 [0m4.708 ms - -[0m
2020-05-28 13:33:38: [0mGET /plugins/layer-v3.1.1/layer/layer.js [36m304 [0m4.825 ms - -[0m
2020-05-28 13:33:38: [0mGET /plugins/adminlte/select2.js [36m304 [0m3.487 ms - -[0m
2020-05-28 13:33:38: [0mGET /javascripts/common.js [36m304 [0m1.630 ms - -[0m
2020-05-28 13:33:38: [0mGET /plugins/layer-v3.1.1/layer/theme/default/layer.css?v=3.1.1 [36m304 [0m1.362 ms - -[0m
2020-05-28 13:33:38: sql= select * from sub 
2020-05-28 13:33:38: sql= select * from cls 
2020-05-28 13:33:38: [0mGET /api/subject [36m304 [0m6.495 ms - -[0m
2020-05-28 13:33:38: [0mGET /api/cls [36m304 [0m5.281 ms - -[0m
2020-05-28 13:33:38: [0mGET /Logo.png [32m200 [0m4.575 ms - 10380[0m
2020-05-28 13:35:13: [0mGET /admin/course [32m200 [0m18.819 ms - 11211[0m
2020-05-28 13:35:13: [0mGET /plugins/adminlte/select2.css [36m304 [0m4.161 ms - -[0m
2020-05-28 13:35:13: [0mGET /plugins/fontawesome/css/font-awesome.min.css [36m304 [0m3.473 ms - -[0m
2020-05-28 13:35:13: [0mGET /plugins/adminlte/adminlte.min.css [36m304 [0m6.730 ms - -[0m
2020-05-28 13:35:13: [0mGET /plugins/jquery/jquery.min.js [36m304 [0m7.334 ms - -[0m
2020-05-28 13:35:13: [0mGET /user2-160x160.jpg [36m304 [0m6.945 ms - -[0m
2020-05-28 13:35:13: [0mGET /plugins/bootstrap/js/bootstrap.bundle.min.js [36m304 [0m6.661 ms - -[0m
2020-05-28 13:35:13: [0mGET /plugins/adminlte/adminlte.min.js [36m304 [0m6.009 ms - -[0m
2020-05-28 13:35:13: [0mGET /plugins/layer-v3.1.1/layer/layer.js [36m304 [0m4.745 ms - -[0m
2020-05-28 13:35:13: [0mGET /plugins/adminlte/select2.js [36m304 [0m1.935 ms - -[0m
2020-05-28 13:35:13: [0mGET /javascripts/common.js [36m304 [0m1.202 ms - -[0m
2020-05-28 13:35:13: [0mGET /plugins/layer-v3.1.1/layer/theme/default/layer.css?v=3.1.1 [36m304 [0m1.084 ms - -[0m
2020-05-28 13:35:13: sql= select * from sub 
2020-05-28 13:35:13: sql= select * from cls 
2020-05-28 13:35:13: [0mGET /api/subject [36m304 [0m8.341 ms - -[0m
2020-05-28 13:35:13: [0mGET /api/cls [36m304 [0m6.898 ms - -[0m
2020-05-28 13:35:13: [0mGET /Logo.png [32m200 [0m1.936 ms - 10380[0m
2020-05-28 13:35:20: [0mGET /admin/course [32m200 [0m22.159 ms - 11201[0m
2020-05-28 13:35:20: [0mGET /plugins/adminlte/select2.css [36m304 [0m6.101 ms - -[0m
2020-05-28 13:35:20: [0mGET /plugins/fontawesome/css/font-awesome.min.css [36m304 [0m5.354 ms - -[0m
2020-05-28 13:35:20: [0mGET /plugins/adminlte/adminlte.min.css [36m304 [0m6.976 ms - -[0m
2020-05-28 13:35:20: [0mGET /user2-160x160.jpg [36m304 [0m10.463 ms - -[0m
2020-05-28 13:35:20: [0mGET /plugins/jquery/jquery.min.js [36m304 [0m10.141 ms - -[0m
2020-05-28 13:35:20: [0mGET /plugins/bootstrap/js/bootstrap.bundle.min.js [36m304 [0m9.491 ms - -[0m
2020-05-28 13:35:20: [0mGET /plugins/adminlte/adminlte.min.js [36m304 [0m9.077 ms - -[0m
2020-05-28 13:35:20: [0mGET /plugins/layer-v3.1.1/layer/layer.js [36m304 [0m7.237 ms - -[0m
2020-05-28 13:35:20: [0mGET /plugins/adminlte/select2.js [36m304 [0m1.628 ms - -[0m
2020-05-28 13:35:20: [0mGET /javascripts/common.js [36m304 [0m0.914 ms - -[0m
2020-05-28 13:35:20: [0mGET /plugins/layer-v3.1.1/layer/theme/default/layer.css?v=3.1.1 [36m304 [0m1.613 ms - -[0m
2020-05-28 13:35:20: sql= select * from sub 
2020-05-28 13:35:20: [0mGET /api/subject [36m304 [0m9.197 ms - -[0m
2020-05-28 13:35:20: sql= select * from cls 
2020-05-28 13:35:20: [0mGET /api/cls [36m304 [0m10.105 ms - -[0m
2020-05-28 13:35:20: [0mGET /Logo.png [32m200 [0m1.967 ms - 10380[0m
2020-05-28 13:35:34: [0mGET /admin/course [32m200 [0m19.982 ms - 11201[0m
2020-05-28 13:35:34: [0mGET /plugins/adminlte/select2.css [36m304 [0m6.317 ms - -[0m
2020-05-28 13:35:34: [0mGET /plugins/fontawesome/css/font-awesome.min.css [36m304 [0m5.617 ms - -[0m
2020-05-28 13:35:34: [0mGET /plugins/jquery/jquery.min.js [36m304 [0m4.922 ms - -[0m
2020-05-28 13:35:34: [0mGET /plugins/adminlte/adminlte.min.css [36m304 [0m6.118 ms - -[0m
2020-05-28 13:35:34: [0mGET /user2-160x160.jpg [36m304 [0m5.540 ms - -[0m
2020-05-28 13:35:34: [0mGET /plugins/bootstrap/js/bootstrap.bundle.min.js [36m304 [0m5.115 ms - -[0m
2020-05-28 13:35:34: [0mGET /plugins/adminlte/adminlte.min.js [36m304 [0m2.244 ms - -[0m
2020-05-28 13:35:34: [0mGET /plugins/layer-v3.1.1/layer/layer.js [36m304 [0m2.724 ms - -[0m
2020-05-28 13:35:34: [0mGET /plugins/adminlte/select2.js [36m304 [0m1.638 ms - -[0m
2020-05-28 13:35:34: [0mGET /javascripts/common.js [36m304 [0m1.243 ms - -[0m
2020-05-28 13:35:34: [0mGET /plugins/layer-v3.1.1/layer/theme/default/layer.css?v=3.1.1 [36m304 [0m1.586 ms - -[0m
2020-05-28 13:35:34: sql= select * from sub 
2020-05-28 13:35:34: sql= select * from cls 
2020-05-28 13:35:34: [0mGET /api/subject [36m304 [0m11.273 ms - -[0m
2020-05-28 13:35:34: [0mGET /api/cls [36m304 [0m8.835 ms - -[0m
2020-05-28 13:35:34: [0mGET /Logo.png [32m200 [0m2.367 ms - 10380[0m
2020-05-28 14:11:11: [0mGET /admin/task [32m200 [0m5.955 ms - 12227[0m
2020-05-28 14:11:11: [0mGET /plugins/adminlte/select2.css [36m304 [0m3.894 ms - -[0m
2020-05-28 14:11:11: [0mGET /plugins/summernote/summernote-bs4.css [36m304 [0m3.353 ms - -[0m
2020-05-28 14:11:11: [0mGET /plugins/fontawesome/css/font-awesome.min.css [36m304 [0m3.580 ms - -[0m
2020-05-28 14:11:11: [0mGET /plugins/adminlte/adminlte.min.css [36m304 [0m4.962 ms - -[0m
2020-05-28 14:11:11: [0mGET /user2-160x160.jpg [36m304 [0m4.614 ms - -[0m
2020-05-28 14:11:11: [0mGET /plugins/jquery/jquery.min.js [36m304 [0m4.709 ms - -[0m
2020-05-28 14:11:11: [0mGET /plugins/bootstrap/js/bootstrap.bundle.min.js [36m304 [0m4.484 ms - -[0m
2020-05-28 14:11:11: [0mGET /plugins/adminlte/adminlte.min.js [36m304 [0m4.415 ms - -[0m
2020-05-28 14:11:11: [0mGET /plugins/layer-v3.1.1/layer/layer.js [36m304 [0m5.635 ms - -[0m
2020-05-28 14:11:11: [0mGET /plugins/adminlte/select2.js [36m304 [0m1.869 ms - -[0m
2020-05-28 14:11:11: [0mGET /plugins/summernote/summernote-bs4.min.js [36m304 [0m1.715 ms - -[0m
2020-05-28 14:11:11: [0mGET /javascripts/common.js [36m304 [0m1.757 ms - -[0m
2020-05-28 14:11:11: [0mGET /plugins/layer-v3.1.1/layer/theme/default/layer.css?v=3.1.1 [36m304 [0m1.654 ms - -[0m
2020-05-28 14:11:11: sql= select * from sub 
2020-05-28 14:11:11: [0mGET /api/subject [36m304 [0m2.700 ms - -[0m
2020-05-28 14:11:11: sql= select * from cls 
2020-05-28 14:11:11: [0mGET /api/cls [36m304 [0m2.177 ms - -[0m
2020-05-28 14:11:11: [0mGET /plugins/summernote/font/summernote.woff2 [36m304 [0m1.112 ms - -[0m
2020-05-28 14:11:12: [0mGET /admin/user [32m200 [0m3.993 ms - 13786[0m
2020-05-28 14:11:12: [0mGET /plugins/adminlte/select2.css [36m304 [0m3.635 ms - -[0m
2020-05-28 14:11:12: [0mGET /plugins/fontawesome/css/font-awesome.min.css [36m304 [0m3.262 ms - -[0m
2020-05-28 14:11:12: [0mGET /plugins/adminlte/adminlte.min.css [36m304 [0m4.580 ms - -[0m
2020-05-28 14:11:12: [0mGET /user2-160x160.jpg [36m304 [0m3.703 ms - -[0m
2020-05-28 14:11:12: [0mGET /plugins/jquery/jquery.min.js [36m304 [0m3.459 ms - -[0m
2020-05-28 14:11:12: [0mGET /plugins/bootstrap/js/bootstrap.bundle.min.js [36m304 [0m4.168 ms - -[0m
2020-05-28 14:11:12: [0mGET /plugins/adminlte/adminlte.min.js [36m304 [0m1.648 ms - -[0m
2020-05-28 14:11:12: [0mGET /plugins/layer-v3.1.1/layer/layer.js [36m304 [0m4.100 ms - -[0m
2020-05-28 14:11:12: [0mGET /plugins/adminlte/select2.js [36m304 [0m3.437 ms - -[0m
2020-05-28 14:11:12: [0mGET /javascripts/common.js [36m304 [0m2.964 ms - -[0m
2020-05-28 14:11:12: [0mGET /plugins/layer-v3.1.1/layer/theme/default/layer.css?v=3.1.1 [36m304 [0m1.312 ms - -[0m
2020-05-28 14:11:12: sql= select * from sub 
2020-05-28 14:11:12: [0mGET /api/subject [36m304 [0m1.939 ms - -[0m
2020-05-28 14:11:12: sql= select * from cls 
2020-05-28 14:11:12: [0mGET /api/cls [36m304 [0m1.827 ms - -[0m
2020-05-28 14:11:12: { cid: '1' }
2020-05-28 14:11:12: sql= SELECT user.id as uid,uname,name,level,class_name from user,cls where cid=1 and cls.id=1
2020-05-28 14:11:12: [ RowDataPacket {
2020-05-28 14:11:12:     uid: 383,
2020-05-28 14:11:12:     uname: 'test',
2020-05-28 14:11:12:     name: '测试用户',
2020-05-28 14:11:12:     level: 1,
2020-05-28 14:11:12:     class_name: '19移动APP二班' },
2020-05-28 14:11:12:   RowDataPacket {
2020-05-28 14:11:12:     uid: 384,
2020-05-28 14:11:12:     uname: '————ABC————',
2020-05-28 14:11:12:     name: '张福鑫',
2020-05-28 14:11:12:     level: 1,
2020-05-28 14:11:12:     class_name: '19移动APP二班' },
2020-05-28 14:11:12:   RowDataPacket {
2020-05-28 14:11:12:     uid: 390,
2020-05-28 14:11:12:     uname: '馒头~',
2020-05-28 14:11:12:     name: '杨帅',
2020-05-28 14:11:12:     level: 1,
2020-05-28 14:11:12:     class_name: '19移动APP二班' },
2020-05-28 14:11:12:   RowDataPacket {
2020-05-28 14:11:12:     uid: 393,
2020-05-28 14:11:12:     uname: '离殇樱雪',
2020-05-28 14:11:12:     name: '刘佳林',
2020-05-28 14:11:12:     level: 1,
2020-05-28 14:11:12:     class_name: '19移动APP二班' },
2020-05-28 14:11:12:   RowDataPacket {
2020-05-28 14:11:12:     uid: 396,
2020-05-28 14:11:12:     uname: 'zhouyu',
2020-05-28 14:11:12:     name: '周瑜',
2020-05-28 14:11:12:     level: 1,
2020-05-28 14:11:12:     class_name: '19移动APP二班' },
2020-05-28 14:11:12:   RowDataPacket {
2020-05-28 14:11:12:     uid: 408,
2020-05-28 14:11:12:     uname: 'mxl',
2020-05-28 14:11:12:     name: '牟希梁',
2020-05-28 14:11:12:     level: 1,
2020-05-28 14:11:12:     class_name: '19移动APP二班' },
2020-05-28 14:11:12:   RowDataPacket {
2020-05-28 14:11:12:     uid: 409,
2020-05-28 14:11:12:     uname: '猪猪侠',
2020-05-28 14:11:12:     name: '刘宁',
2020-05-28 14:11:12:     level: 1,
2020-05-28 14:11:12:     class_name: '19移动APP二班' },
2020-05-28 14:11:12:   RowDataPacket {
2020-05-28 14:11:12:     uid: 411,
2020-05-28 14:11:12:     uname: '.',
2020-05-28 14:11:12:     name: '潘文文',
2020-05-28 14:11:12:     level: 1,
2020-05-28 14:11:12:     class_name: '19移动APP二班' },
2020-05-28 14:11:12:   RowDataPacket {
2020-05-28 14:11:12:     uid: 412,
2020-05-28 14:11:12:     uname: '缘~妙不可言~',
2020-05-28 14:11:12:     name: '高志杰',
2020-05-28 14:11:12:     level: 1,
2020-05-28 14:11:12:     class_name: '19移动APP二班' },
2020-05-28 14:11:12:   RowDataPacket {
2020-05-28 14:11:12:     uid: 413,
2020-05-28 14:11:12:     uname: '东邪',
2020-05-28 14:11:12:     name: '范耀忠',
2020-05-28 14:11:12:     level: 1,
2020-05-28 14:11:12:     class_name: '19移动APP二班' },
2020-05-28 14:11:12:   RowDataPacket {
2020-05-28 14:11:12:     uid: 416,
2020-05-28 14:11:12:     uname: 'wyj',
2020-05-28 14:11:12:     name: '王语佳',
2020-05-28 14:11:12:     level: 1,
2020-05-28 14:11:12:     class_name: '19移动APP二班' },
2020-05-28 14:11:12:   RowDataPacket {
2020-05-28 14:11:12:     uid: 419,
2020-05-28 14:11:12:     uname: '岚',
2020-05-28 14:11:12:     name: '高健',
2020-05-28 14:11:12:     level: 1,
2020-05-28 14:11:12:     class_name: '19移动APP二班' } ]
2020-05-28 14:11:12: [0mGET /admin/user/list?cid=1 [36m304 [0m6.724 ms - -[0m
2020-05-28 14:11:14: [0mGET /admin/class [36m304 [0m4.064 ms - -[0m
2020-05-28 14:11:14: [0mGET /plugins/adminlte/select2.css [36m304 [0m4.289 ms - -[0m
2020-05-28 14:11:14: [0mGET /plugins/fontawesome/css/font-awesome.min.css [36m304 [0m3.757 ms - -[0m
2020-05-28 14:11:14: [0mGET /plugins/adminlte/adminlte.min.css [36m304 [0m3.531 ms - -[0m
2020-05-28 14:11:14: [0mGET /user2-160x160.jpg [36m304 [0m3.314 ms - -[0m
2020-05-28 14:11:14: [0mGET /plugins/jquery/jquery.min.js [36m304 [0m3.028 ms - -[0m
2020-05-28 14:11:14: [0mGET /plugins/bootstrap/js/bootstrap.bundle.min.js [36m304 [0m2.977 ms - -[0m
2020-05-28 14:11:14: [0mGET /plugins/adminlte/adminlte.min.js [36m304 [0m2.237 ms - -[0m
2020-05-28 14:11:14: [0mGET /plugins/layer-v3.1.1/layer/layer.js [36m304 [0m1.906 ms - -[0m
2020-05-28 14:11:14: [0mGET /plugins/adminlte/select2.js [36m304 [0m1.722 ms - -[0m
2020-05-28 14:11:14: [0mGET /javascripts/common.js [36m304 [0m1.557 ms - -[0m
2020-05-28 14:11:14: [0mGET /plugins/layer-v3.1.1/layer/theme/default/layer.css?v=3.1.1 [36m304 [0m2.087 ms - -[0m
2020-05-28 14:11:14: sql= select * from sub 
2020-05-28 14:11:14: [0mGET /api/subject [36m304 [0m2.866 ms - -[0m
2020-05-28 14:11:14: sql= select * from cls 
2020-05-28 14:11:14: [0mGET /api/cls [36m304 [0m4.297 ms - -[0m
2020-05-28 14:11:14: { cid: '1', subid: '1', month: '5' }
2020-05-28 14:11:14: sql= select user.id as uid,name,status,wid,tempwork.title,tempwork.file,DATE_FORMAT( tempwork.retime, '%Y-%m-%d %H:%i:%S') as retime from uwork,user,(select id,title,file,retime from work where clsid=1 and subid=1 and date_format(retime,"%m")=5) as tempwork where  tempwork.id=wid and user.id=uwork.uid
2020-05-28 14:11:14: 12
2020-05-28 14:11:14: [ { wid: 1, title: '测试作业', retime: '2020-05-27 23:53:41', file: '' } ]
2020-05-28 14:11:14: [0mGET /admin/api/getWorksList?cid=1&subid=1&month=5 [36m304 [0m10.165 ms - -[0m
2020-05-28 14:11:26: [0mGET /admin/course [36m304 [0m6.829 ms - -[0m
2020-05-28 14:11:26: [0mGET /plugins/adminlte/select2.css [36m304 [0m3.082 ms - -[0m
2020-05-28 14:11:26: [0mGET /plugins/fontawesome/css/font-awesome.min.css [36m304 [0m2.673 ms - -[0m
2020-05-28 14:11:26: [0mGET /plugins/adminlte/adminlte.min.css [36m304 [0m4.901 ms - -[0m
2020-05-28 14:11:26: [0mGET /plugins/jquery/jquery.min.js [36m304 [0m3.951 ms - -[0m
2020-05-28 14:11:26: [0mGET /user2-160x160.jpg [36m304 [0m3.709 ms - -[0m
2020-05-28 14:11:26: [0mGET /plugins/bootstrap/js/bootstrap.bundle.min.js [36m304 [0m3.218 ms - -[0m
2020-05-28 14:11:26: [0mGET /plugins/adminlte/adminlte.min.js [36m304 [0m3.922 ms - -[0m
2020-05-28 14:11:26: [0mGET /plugins/layer-v3.1.1/layer/layer.js [36m304 [0m3.732 ms - -[0m
2020-05-28 14:11:26: [0mGET /plugins/adminlte/select2.js [36m304 [0m2.329 ms - -[0m
2020-05-28 14:11:26: [0mGET /javascripts/common.js [36m304 [0m2.267 ms - -[0m
2020-05-28 14:11:26: [0mGET /plugins/layer-v3.1.1/layer/theme/default/layer.css?v=3.1.1 [36m304 [0m1.030 ms - -[0m
2020-05-28 14:11:26: sql= select * from sub 
2020-05-28 14:11:26: [0mGET /api/subject [36m304 [0m1.627 ms - -[0m
2020-05-28 14:11:26: sql= select * from cls 
2020-05-28 14:11:26: [0mGET /api/cls [36m304 [0m1.412 ms - -[0m
2020-05-28 14:13:01: [0mGET /admin/course [32m200 [0m17.900 ms - 10775[0m
2020-05-28 14:13:01: [0mGET /plugins/adminlte/select2.css [36m304 [0m5.169 ms - -[0m
2020-05-28 14:13:01: [0mGET /plugins/fontawesome/css/font-awesome.min.css [36m304 [0m4.302 ms - -[0m
2020-05-28 14:13:01: [0mGET /plugins/bootstrap/js/bootstrap.bundle.min.js [36m304 [0m3.283 ms - -[0m
2020-05-28 14:13:01: [0mGET /plugins/adminlte/adminlte.min.css [36m304 [0m3.823 ms - -[0m
2020-05-28 14:13:01: [0mGET /plugins/jquery/jquery.min.js [36m304 [0m3.229 ms - -[0m
2020-05-28 14:13:01: [0mGET /user2-160x160.jpg [36m304 [0m2.142 ms - -[0m
2020-05-28 14:13:01: [0mGET /plugins/adminlte/adminlte.min.js [36m304 [0m2.076 ms - -[0m
2020-05-28 14:13:01: [0mGET /plugins/layer-v3.1.1/layer/layer.js [36m304 [0m4.940 ms - -[0m
2020-05-28 14:13:01: [0mGET /plugins/adminlte/select2.js [36m304 [0m5.908 ms - -[0m
2020-05-28 14:13:01: [0mGET /javascripts/common.js [36m304 [0m5.638 ms - -[0m
2020-05-28 14:13:01: [0mGET /plugins/layer-v3.1.1/layer/theme/default/layer.css?v=3.1.1 [36m304 [0m1.483 ms - -[0m
2020-05-28 14:13:01: sql= select * from sub 
2020-05-28 14:13:01: [0mGET /api/subject [36m304 [0m7.181 ms - -[0m
2020-05-28 14:13:01: sql= select * from cls 
2020-05-28 14:13:01: [0mGET /api/cls [36m304 [0m7.978 ms - -[0m
2020-05-28 14:13:01: [0mGET /Logo.png [32m200 [0m2.300 ms - 10380[0m
2020-05-28 14:13:10: [0mGET /admin/course [32m200 [0m19.316 ms - 10739[0m
2020-05-28 14:13:10: [0mGET /plugins/adminlte/select2.css [36m304 [0m5.058 ms - -[0m
2020-05-28 14:13:10: [0mGET /plugins/fontawesome/css/font-awesome.min.css [36m304 [0m4.293 ms - -[0m
2020-05-28 14:13:10: [0mGET /plugins/adminlte/adminlte.min.css [36m304 [0m6.111 ms - -[0m
2020-05-28 14:13:10: [0mGET /user2-160x160.jpg [36m304 [0m5.767 ms - -[0m
2020-05-28 14:13:10: [0mGET /plugins/jquery/jquery.min.js [36m304 [0m5.504 ms - -[0m
2020-05-28 14:13:10: [0mGET /plugins/bootstrap/js/bootstrap.bundle.min.js [36m304 [0m4.745 ms - -[0m
2020-05-28 14:13:10: [0mGET /plugins/adminlte/adminlte.min.js [36m304 [0m2.541 ms - -[0m
2020-05-28 14:13:10: [0mGET /plugins/layer-v3.1.1/layer/layer.js [36m304 [0m2.469 ms - -[0m
2020-05-28 14:13:10: [0mGET /plugins/adminlte/select2.js [36m304 [0m2.726 ms - -[0m
2020-05-28 14:13:10: [0mGET /javascripts/common.js [36m304 [0m1.249 ms - -[0m
2020-05-28 14:13:10: [0mGET /plugins/layer-v3.1.1/layer/theme/default/layer.css?v=3.1.1 [36m304 [0m1.374 ms - -[0m
2020-05-28 14:13:10: sql= select * from sub 
2020-05-28 14:13:10: [0mGET /api/subject [36m304 [0m8.173 ms - -[0m
2020-05-28 14:13:10: sql= select * from cls 
2020-05-28 14:13:10: [0mGET /api/cls [36m304 [0m8.318 ms - -[0m
2020-05-28 14:13:10: [0mGET /Logo.png [32m200 [0m3.373 ms - 10380[0m
2020-05-28 14:21:54: [0mGET /admin/list [36m302 [0m23.097 ms - 56[0m
2020-05-28 14:21:54: [0mGET /login [36m304 [0m8.067 ms - -[0m
2020-05-28 14:21:54: [0mGET /plugins/fontawesome/css/font-awesome.min.css [36m304 [0m3.434 ms - -[0m
2020-05-28 14:21:54: [0mGET /plugins/adminlte/adminlte.min.css [36m304 [0m7.942 ms - -[0m
2020-05-28 14:21:54: [0mGET /plugins/jquery/jquery.min.js [36m304 [0m7.559 ms - -[0m
2020-05-28 14:21:54: [0mGET /plugins/bootstrap/js/bootstrap.bundle.min.js [36m304 [0m2.934 ms - -[0m
2020-05-28 14:21:54: [0mGET /plugins/layer-v3.1.1/layer/layer.js [36m304 [0m2.644 ms - -[0m
2020-05-28 14:21:54: [0mGET /plugins/adminlte/adminlte.min.js [36m304 [0m2.912 ms - -[0m
2020-05-28 19:52:05: [0mGET /admin/list [36m302 [0m7.738 ms - 56[0m
2020-05-28 19:52:05: [0mGET /login [36m304 [0m3.881 ms - -[0m
2020-05-28 19:52:05: [0mGET /plugins/jquery/jquery.min.js [36m304 [0m34.946 ms - -[0m
2020-05-28 19:52:05: [0mGET /plugins/adminlte/adminlte.min.css [36m304 [0m33.158 ms - -[0m
2020-05-28 19:52:05: [0mGET /plugins/fontawesome/css/font-awesome.min.css [36m304 [0m31.196 ms - -[0m
2020-05-28 19:52:05: [0mGET /plugins/bootstrap/js/bootstrap.bundle.min.js [36m304 [0m30.483 ms - -[0m
2020-05-28 19:52:05: [0mGET /plugins/layer-v3.1.1/layer/layer.js [36m304 [0m29.713 ms - -[0m
2020-05-28 19:52:05: [0mGET /plugins/adminlte/adminlte.min.js [36m304 [0m29.097 ms - -[0m
2020-05-28 19:52:06: [0mGET /plugins/fontawesome/fonts/fontawesome-webfont.woff2?v=4.7.0 [36m304 [0m1.463 ms - -[0m
2020-05-28 19:52:06: [0mGET /plugins/layer-v3.1.1/layer/theme/default/layer.css?v=3.1.1 [36m304 [0m0.895 ms - -[0m
2020-05-28 19:52:06: sql= select * from sub 
2020-05-28 19:52:06: [0mGET /api/subject [36m304 [0m9.685 ms - -[0m
2020-05-28 19:52:12: sql= SELECT id,name,uname,level from user where uname ='laobiao' and pwd = 'laobiao' and level>0
2020-05-28 19:52:12: [0mPOST /api/logincheck [32m200 [0m21.922 ms - 57[0m
2020-05-28 19:52:12: [0mGET /admin/list [32m200 [0m8.096 ms - 11930[0m
2020-05-28 19:52:12: [0mGET /plugins/fontawesome/css/font-awesome.min.css [36m304 [0m4.993 ms - -[0m
2020-05-28 19:52:12: [0mGET /plugins/adminlte/adminlte.min.css [36m304 [0m5.650 ms - -[0m
2020-05-28 19:52:12: [0mGET /plugins/adminlte/select2.css [36m304 [0m3.908 ms - -[0m
2020-05-28 19:52:12: [0mGET /user2-160x160.jpg [36m304 [0m5.022 ms - -[0m
2020-05-28 19:52:12: [0mGET /plugins/jquery/jquery.min.js [36m304 [0m5.295 ms - -[0m
2020-05-28 19:52:12: [0mGET /plugins/bootstrap/js/bootstrap.bundle.min.js [36m304 [0m4.949 ms - -[0m
2020-05-28 19:52:12: [0mGET /plugins/adminlte/adminlte.min.js [36m304 [0m4.576 ms - -[0m
2020-05-28 19:52:12: [0mGET /plugins/layer-v3.1.1/layer/layer.js [36m304 [0m2.043 ms - -[0m
2020-05-28 19:52:12: [0mGET /plugins/adminlte/select2.js [36m304 [0m2.137 ms - -[0m
2020-05-28 19:52:12: [0mGET /javascripts/common.js [36m304 [0m0.761 ms - -[0m
2020-05-28 19:52:12: [0mGET /plugins/layer-v3.1.1/layer/theme/default/layer.css?v=3.1.1 [36m304 [0m1.458 ms - -[0m
2020-05-28 19:52:12: sql= select * from sub 
2020-05-28 19:52:12: [0mGET /api/subject [36m304 [0m1.763 ms - -[0m
2020-05-28 19:52:12: sql= select * from cls 
2020-05-28 19:52:12: [0mGET /api/cls [36m304 [0m2.459 ms - -[0m
2020-05-28 19:52:44: [0mGET /admin/list [36m304 [0m4.949 ms - -[0m
2020-05-28 19:52:44: [0mGET /plugins/adminlte/select2.css [36m304 [0m2.652 ms - -[0m
2020-05-28 19:52:44: [0mGET /plugins/fontawesome/css/font-awesome.min.css [36m304 [0m4.227 ms - -[0m
2020-05-28 19:52:44: [0mGET /user2-160x160.jpg [36m304 [0m4.065 ms - -[0m
2020-05-28 19:52:44: [0mGET /plugins/adminlte/adminlte.min.css [36m304 [0m8.364 ms - -[0m
2020-05-28 19:52:44: [0mGET /plugins/jquery/jquery.min.js [36m304 [0m4.191 ms - -[0m
2020-05-28 19:52:44: [0mGET /plugins/bootstrap/js/bootstrap.bundle.min.js [36m304 [0m3.304 ms - -[0m
2020-05-28 19:52:44: [0mGET /plugins/adminlte/adminlte.min.js [36m304 [0m4.055 ms - -[0m
2020-05-28 19:52:44: [0mGET /plugins/layer-v3.1.1/layer/layer.js [36m304 [0m4.136 ms - -[0m
2020-05-28 19:52:44: [0mGET /plugins/adminlte/select2.js [36m304 [0m1.889 ms - -[0m
2020-05-28 19:52:44: [0mGET /javascripts/common.js [36m304 [0m1.719 ms - -[0m
2020-05-28 19:52:44: [0mGET /plugins/fontawesome/fonts/fontawesome-webfont.woff2?v=4.7.0 [36m304 [0m1.024 ms - -[0m
2020-05-28 19:52:44: [0mGET /plugins/layer-v3.1.1/layer/theme/default/layer.css?v=3.1.1 [36m304 [0m1.709 ms - -[0m
2020-05-28 19:52:44: sql= select * from sub 
2020-05-28 19:52:44: [0mGET /api/subject [36m304 [0m2.088 ms - -[0m
2020-05-28 19:52:44: sql= select * from cls 
2020-05-28 19:52:44: [0mGET /api/cls [36m304 [0m2.200 ms - -[0m
